[0.621s] Invoking command in '/home/vishal/ros2_ws/src/my_robot_controller': PYTHONPATH=/home/vishal/ros2_ws/build/my_robot_controller/prefix_override:/home/vishal/.local/lib/python3.10/site-packages/colcon_core/task/python/colcon_distutils_commands:/home/vishal/ros2_ws/install/my_robot_controller/lib/python3.10/site-packages:${PYTHONPATH} /usr/bin/python3 -W ignore:setup.py install is deprecated -W ignore:easy_install command is deprecated setup.py egg_info --egg-base ../../build/my_robot_controller build --build-base /home/vishal/ros2_ws/build/my_robot_controller/build install --record /home/vishal/ros2_ws/build/my_robot_controller/install.log --single-version-externally-managed install_data
[0.839s] running egg_info
[0.840s] writing ../../build/my_robot_controller/my_robot_controller.egg-info/PKG-INFO
[0.840s] writing dependency_links to ../../build/my_robot_controller/my_robot_controller.egg-info/dependency_links.txt
[0.840s] writing entry points to ../../build/my_robot_controller/my_robot_controller.egg-info/entry_points.txt
[0.840s] writing requirements to ../../build/my_robot_controller/my_robot_controller.egg-info/requires.txt
[0.840s] writing top-level names to ../../build/my_robot_controller/my_robot_controller.egg-info/top_level.txt
[0.842s] reading manifest file '../../build/my_robot_controller/my_robot_controller.egg-info/SOURCES.txt'
[0.843s] writing manifest file '../../build/my_robot_controller/my_robot_controller.egg-info/SOURCES.txt'
[0.843s] running build
[0.843s] running build_py
[0.843s] running install
[0.843s] running install_lib
[0.844s] running install_data
[0.844s] running install_egg_info
[0.845s] removing '/home/vishal/ros2_ws/install/my_robot_controller/lib/python3.10/site-packages/my_robot_controller-0.0.0-py3.10.egg-info' (and everything under it)
[0.846s] Copying ../../build/my_robot_controller/my_robot_controller.egg-info to /home/vishal/ros2_ws/install/my_robot_controller/lib/python3.10/site-packages/my_robot_controller-0.0.0-py3.10.egg-info
[0.846s] running install_scripts
[0.863s] writing list of installed files to '/home/vishal/ros2_ws/build/my_robot_controller/install.log'
[0.885s] Invoked command in '/home/vishal/ros2_ws/src/my_robot_controller' returned '0': PYTHONPATH=/home/vishal/ros2_ws/build/my_robot_controller/prefix_override:/home/vishal/.local/lib/python3.10/site-packages/colcon_core/task/python/colcon_distutils_commands:/home/vishal/ros2_ws/install/my_robot_controller/lib/python3.10/site-packages:${PYTHONPATH} /usr/bin/python3 -W ignore:setup.py install is deprecated -W ignore:easy_install command is deprecated setup.py egg_info --egg-base ../../build/my_robot_controller build --build-base /home/vishal/ros2_ws/build/my_robot_controller/build install --record /home/vishal/ros2_ws/build/my_robot_controller/install.log --single-version-externally-managed install_data
