[0.442s] Invoking command in '/home/vishal/ros2_ws/build/my_robot_controller': PYTHONPATH=/home/vishal/ros2_ws/build/my_robot_controller/prefix_override:/home/vishal/.local/lib/python3.10/site-packages/colcon_core/task/python/colcon_distutils_commands:/home/vishal/ros2_ws/install/my_robot_controller/lib/python3.10/site-packages:${PYTHONPATH} /usr/bin/python3 -W ignore:setup.py install is deprecated -W ignore:easy_install command is deprecated setup.py develop --editable --build-directory /home/vishal/ros2_ws/build/my_robot_controller/build --no-deps symlink_data
[0.599s] running develop
[0.712s] running egg_info
[0.712s] writing my_robot_controller.egg-info/PKG-INFO
[0.713s] writing dependency_links to my_robot_controller.egg-info/dependency_links.txt
[0.713s] writing entry points to my_robot_controller.egg-info/entry_points.txt
[0.713s] writing requirements to my_robot_controller.egg-info/requires.txt
[0.713s] writing top-level names to my_robot_controller.egg-info/top_level.txt
[0.714s] reading manifest file 'my_robot_controller.egg-info/SOURCES.txt'
[0.714s] writing manifest file 'my_robot_controller.egg-info/SOURCES.txt'
[0.742s] running build_ext
[0.742s] Creating /home/vishal/ros2_ws/install/my_robot_controller/lib/python3.10/site-packages/my-robot-controller.egg-link (link to .)
[0.742s] Installing draw_circle script to /home/vishal/ros2_ws/install/my_robot_controller/lib/my_robot_controller
[0.743s] Installing pose_subscriber script to /home/vishal/ros2_ws/install/my_robot_controller/lib/my_robot_controller
[0.743s] Installing test_node script to /home/vishal/ros2_ws/install/my_robot_controller/lib/my_robot_controller
[0.743s] Installing turtle_controller script to /home/vishal/ros2_ws/install/my_robot_controller/lib/my_robot_controller
[0.743s] 
[0.743s] Installed /home/vishal/ros2_ws/build/my_robot_controller
[0.743s] running symlink_data
[0.772s] Invoked command in '/home/vishal/ros2_ws/build/my_robot_controller' returned '0': PYTHONPATH=/home/vishal/ros2_ws/build/my_robot_controller/prefix_override:/home/vishal/.local/lib/python3.10/site-packages/colcon_core/task/python/colcon_distutils_commands:/home/vishal/ros2_ws/install/my_robot_controller/lib/python3.10/site-packages:${PYTHONPATH} /usr/bin/python3 -W ignore:setup.py install is deprecated -W ignore:easy_install command is deprecated setup.py develop --editable --build-directory /home/vishal/ros2_ws/build/my_robot_controller/build --no-deps symlink_data
