[0.074s] DEBUG:colcon:Command line arguments: ['/home/vishal/.local/bin/colcon', 'build', '--symlink-install']
[0.074s] DEBUG:colcon:Parsed command line arguments: Namespace(log_base=None, log_level=None, verb_name='build', build_base='build', install_base='install', merge_install=False, symlink_install=True, test_result_base=None, continue_on_error=False, executor='parallel', parallel_workers=16, event_handlers=None, ignore_user_meta=False, metas=['./colcon.meta'], base_paths=['.'], packages_ignore=None, packages_ignore_regex=None, paths=None, packages_up_to=None, packages_up_to_regex=None, packages_above=None, packages_above_and_dependencies=None, packages_above_depth=None, packages_select_by_dep=None, packages_skip_by_dep=None, packages_skip_up_to=None, packages_select_build_failed=False, packages_skip_build_finished=False, packages_select_test_failures=False, packages_skip_test_passed=False, packages_select=None, packages_skip=None, packages_select_regex=None, packages_skip_regex=None, packages_start=None, packages_end=None, allow_overriding=[], cmake_args=None, cmake_target=None, cmake_target_skip_unavailable=False, cmake_clean_cache=False, cmake_clean_first=False, cmake_force_configure=False, ament_cmake_args=None, catkin_cmake_args=None, catkin_skip_building_tests=False, verb_parser=<colcon_defaults.argument_parser.defaults.DefaultArgumentsDecorator object at 0x7176a8449510>, verb_extension=<colcon_core.verb.build.BuildVerb object at 0x7176a8448f10>, main=<bound method BuildVerb.main of <colcon_core.verb.build.BuildVerb object at 0x7176a8448f10>>)
[0.163s] Level 1:colcon.colcon_core.package_discovery:discover_packages(colcon_meta) check parameters
[0.164s] Level 1:colcon.colcon_core.package_discovery:discover_packages(recursive) check parameters
[0.164s] Level 1:colcon.colcon_core.package_discovery:discover_packages(ignore) check parameters
[0.164s] Level 1:colcon.colcon_core.package_discovery:discover_packages(path) check parameters
[0.164s] Level 1:colcon.colcon_core.package_discovery:discover_packages(colcon_meta) discover
[0.164s] Level 1:colcon.colcon_core.package_discovery:discover_packages(recursive) discover
[0.164s] INFO:colcon.colcon_core.package_discovery:Crawling recursively for packages in '/home/vishal/ros2_ws'
[0.164s] Level 1:colcon.colcon_core.package_identification:_identify(.) by extensions ['ignore', 'ignore_ament_install']
[0.164s] Level 1:colcon.colcon_core.package_identification:_identify(.) by extension 'ignore'
[0.164s] Level 1:colcon.colcon_core.package_identification:_identify(.) by extension 'ignore_ament_install'
[0.164s] Level 1:colcon.colcon_core.package_identification:_identify(.) by extensions ['colcon_pkg']
[0.164s] Level 1:colcon.colcon_core.package_identification:_identify(.) by extension 'colcon_pkg'
[0.164s] Level 1:colcon.colcon_core.package_identification:_identify(.) by extensions ['colcon_meta']
[0.164s] Level 1:colcon.colcon_core.package_identification:_identify(.) by extension 'colcon_meta'
[0.164s] Level 1:colcon.colcon_core.package_identification:_identify(.) by extensions ['ros']
[0.164s] Level 1:colcon.colcon_core.package_identification:_identify(.) by extension 'ros'
[0.170s] Level 1:colcon.colcon_core.package_identification:_identify(.) by extensions ['cmake', 'python']
[0.170s] Level 1:colcon.colcon_core.package_identification:_identify(.) by extension 'cmake'
[0.170s] Level 1:colcon.colcon_core.package_identification:_identify(.) by extension 'python'
[0.170s] Level 1:colcon.colcon_core.package_identification:_identify(.) by extensions ['python_setup_py']
[0.170s] Level 1:colcon.colcon_core.package_identification:_identify(.) by extension 'python_setup_py'
[0.170s] Level 1:colcon.colcon_core.package_identification:_identify(build) by extensions ['ignore', 'ignore_ament_install']
[0.170s] Level 1:colcon.colcon_core.package_identification:_identify(build) by extension 'ignore'
[0.170s] Level 1:colcon.colcon_core.package_identification:_identify(build) ignored
[0.170s] Level 1:colcon.colcon_core.package_identification:_identify(install) by extensions ['ignore', 'ignore_ament_install']
[0.170s] Level 1:colcon.colcon_core.package_identification:_identify(install) by extension 'ignore'
[0.170s] Level 1:colcon.colcon_core.package_identification:_identify(install) ignored
[0.170s] Level 1:colcon.colcon_core.package_identification:_identify(log) by extensions ['ignore', 'ignore_ament_install']
[0.170s] Level 1:colcon.colcon_core.package_identification:_identify(log) by extension 'ignore'
[0.170s] Level 1:colcon.colcon_core.package_identification:_identify(log) ignored
[0.170s] Level 1:colcon.colcon_core.package_identification:_identify(src) by extensions ['ignore', 'ignore_ament_install']
[0.170s] Level 1:colcon.colcon_core.package_identification:_identify(src) by extension 'ignore'
[0.170s] Level 1:colcon.colcon_core.package_identification:_identify(src) by extension 'ignore_ament_install'
[0.170s] Level 1:colcon.colcon_core.package_identification:_identify(src) by extensions ['colcon_pkg']
[0.170s] Level 1:colcon.colcon_core.package_identification:_identify(src) by extension 'colcon_pkg'
[0.170s] Level 1:colcon.colcon_core.package_identification:_identify(src) by extensions ['colcon_meta']
[0.170s] Level 1:colcon.colcon_core.package_identification:_identify(src) by extension 'colcon_meta'
[0.170s] Level 1:colcon.colcon_core.package_identification:_identify(src) by extensions ['ros']
[0.170s] Level 1:colcon.colcon_core.package_identification:_identify(src) by extension 'ros'
[0.171s] Level 1:colcon.colcon_core.package_identification:_identify(src) by extensions ['cmake', 'python']
[0.171s] Level 1:colcon.colcon_core.package_identification:_identify(src) by extension 'cmake'
[0.171s] Level 1:colcon.colcon_core.package_identification:_identify(src) by extension 'python'
[0.171s] Level 1:colcon.colcon_core.package_identification:_identify(src) by extensions ['python_setup_py']
[0.171s] Level 1:colcon.colcon_core.package_identification:_identify(src) by extension 'python_setup_py'
[0.171s] Level 1:colcon.colcon_core.package_identification:_identify(src/build) by extensions ['ignore', 'ignore_ament_install']
[0.171s] Level 1:colcon.colcon_core.package_identification:_identify(src/build) by extension 'ignore'
[0.171s] Level 1:colcon.colcon_core.package_identification:_identify(src/build) ignored
[0.171s] Level 1:colcon.colcon_core.package_identification:_identify(src/install) by extensions ['ignore', 'ignore_ament_install']
[0.171s] Level 1:colcon.colcon_core.package_identification:_identify(src/install) by extension 'ignore'
[0.171s] Level 1:colcon.colcon_core.package_identification:_identify(src/install) ignored
[0.171s] Level 1:colcon.colcon_core.package_identification:_identify(src/log) by extensions ['ignore', 'ignore_ament_install']
[0.171s] Level 1:colcon.colcon_core.package_identification:_identify(src/log) by extension 'ignore'
[0.171s] Level 1:colcon.colcon_core.package_identification:_identify(src/log) ignored
[0.171s] Level 1:colcon.colcon_core.package_identification:_identify(src/my_robot_controller) by extensions ['ignore', 'ignore_ament_install']
[0.171s] Level 1:colcon.colcon_core.package_identification:_identify(src/my_robot_controller) by extension 'ignore'
[0.171s] Level 1:colcon.colcon_core.package_identification:_identify(src/my_robot_controller) by extension 'ignore_ament_install'
[0.171s] Level 1:colcon.colcon_core.package_identification:_identify(src/my_robot_controller) by extensions ['colcon_pkg']
[0.171s] Level 1:colcon.colcon_core.package_identification:_identify(src/my_robot_controller) by extension 'colcon_pkg'
[0.171s] Level 1:colcon.colcon_core.package_identification:_identify(src/my_robot_controller) by extensions ['colcon_meta']
[0.171s] Level 1:colcon.colcon_core.package_identification:_identify(src/my_robot_controller) by extension 'colcon_meta'
[0.171s] Level 1:colcon.colcon_core.package_identification:_identify(src/my_robot_controller) by extensions ['ros']
[0.171s] Level 1:colcon.colcon_core.package_identification:_identify(src/my_robot_controller) by extension 'ros'
[0.172s] DEBUG:colcon.colcon_core.package_identification:Package 'src/my_robot_controller' with type 'ros.ament_python' and name 'my_robot_controller'
[0.172s] Level 1:colcon.colcon_core.package_discovery:discover_packages(recursive) using defaults
[0.172s] Level 1:colcon.colcon_core.package_discovery:discover_packages(ignore) discover
[0.172s] Level 1:colcon.colcon_core.package_discovery:discover_packages(ignore) using defaults
[0.173s] Level 1:colcon.colcon_core.package_discovery:discover_packages(path) discover
[0.173s] Level 1:colcon.colcon_core.package_discovery:discover_packages(path) using defaults
[0.184s] Level 1:colcon.colcon_core.package_discovery:discover_packages(prefix_path) check parameters
[0.184s] Level 1:colcon.colcon_core.package_discovery:discover_packages(prefix_path) discover
[0.185s] DEBUG:colcon.colcon_installed_package_information.package_discovery:Found 1 installed packages in /home/vishal/ros2_ws/install
[0.186s] DEBUG:colcon.colcon_installed_package_information.package_discovery:Found 271 installed packages in /opt/ros/humble
[0.187s] Level 1:colcon.colcon_core.package_discovery:discover_packages(prefix_path) using defaults
[0.216s] Level 5:colcon.colcon_core.verb:set package 'my_robot_controller' build argument 'cmake_args' from command line to 'None'
[0.216s] Level 5:colcon.colcon_core.verb:set package 'my_robot_controller' build argument 'cmake_target' from command line to 'None'
[0.216s] Level 5:colcon.colcon_core.verb:set package 'my_robot_controller' build argument 'cmake_target_skip_unavailable' from command line to 'False'
[0.216s] Level 5:colcon.colcon_core.verb:set package 'my_robot_controller' build argument 'cmake_clean_cache' from command line to 'False'
[0.216s] Level 5:colcon.colcon_core.verb:set package 'my_robot_controller' build argument 'cmake_clean_first' from command line to 'False'
[0.216s] Level 5:colcon.colcon_core.verb:set package 'my_robot_controller' build argument 'cmake_force_configure' from command line to 'False'
[0.216s] Level 5:colcon.colcon_core.verb:set package 'my_robot_controller' build argument 'ament_cmake_args' from command line to 'None'
[0.216s] Level 5:colcon.colcon_core.verb:set package 'my_robot_controller' build argument 'catkin_cmake_args' from command line to 'None'
[0.216s] Level 5:colcon.colcon_core.verb:set package 'my_robot_controller' build argument 'catkin_skip_building_tests' from command line to 'False'
[0.216s] DEBUG:colcon.colcon_core.verb:Building package 'my_robot_controller' with the following arguments: {'ament_cmake_args': None, 'build_base': '/home/vishal/ros2_ws/build/my_robot_controller', 'catkin_cmake_args': None, 'catkin_skip_building_tests': False, 'cmake_args': None, 'cmake_clean_cache': False, 'cmake_clean_first': False, 'cmake_force_configure': False, 'cmake_target': None, 'cmake_target_skip_unavailable': False, 'install_base': '/home/vishal/ros2_ws/install/my_robot_controller', 'merge_install': False, 'path': '/home/vishal/ros2_ws/src/my_robot_controller', 'symlink_install': True, 'test_result_base': None}
[0.216s] INFO:colcon.colcon_core.executor:Executing jobs using 'parallel' executor
[0.217s] DEBUG:colcon.colcon_parallel_executor.executor.parallel:run_until_complete
[0.218s] INFO:colcon.colcon_ros.task.ament_python.build:Building ROS package in '/home/vishal/ros2_ws/src/my_robot_controller' with build type 'ament_python'
[0.218s] Level 1:colcon.colcon_core.shell:create_environment_hook('my_robot_controller', 'ament_prefix_path')
[0.219s] INFO:colcon.colcon_core.plugin_system:Skipping extension 'colcon_core.shell.bat': Not used on non-Windows systems
[0.219s] INFO:colcon.colcon_core.shell:Creating environment hook '/home/vishal/ros2_ws/install/my_robot_controller/share/my_robot_controller/hook/ament_prefix_path.ps1'
[0.220s] INFO:colcon.colcon_core.shell:Creating environment descriptor '/home/vishal/ros2_ws/install/my_robot_controller/share/my_robot_controller/hook/ament_prefix_path.dsv'
[0.220s] INFO:colcon.colcon_core.shell:Creating environment hook '/home/vishal/ros2_ws/install/my_robot_controller/share/my_robot_controller/hook/ament_prefix_path.sh'
[0.220s] INFO:colcon.colcon_core.shell:Skip shell extension 'powershell' for command environment: Not usable outside of PowerShell
[0.220s] DEBUG:colcon.colcon_core.shell:Skip shell extension 'dsv' for command environment
[0.391s] INFO:colcon.colcon_core.task.python.build:Building Python package in '/home/vishal/ros2_ws/src/my_robot_controller'
[0.392s] INFO:colcon.colcon_core.shell:Skip shell extension 'powershell' for command environment: Not usable outside of PowerShell
[0.392s] DEBUG:colcon.colcon_core.shell:Skip shell extension 'dsv' for command environment
[0.660s] DEBUG:colcon.colcon_core.event_handler.log_command:Invoking command in '/home/vishal/ros2_ws/build/my_robot_controller': PYTHONPATH=/home/vishal/ros2_ws/build/my_robot_controller/prefix_override:/home/vishal/.local/lib/python3.10/site-packages/colcon_core/task/python/colcon_distutils_commands:/home/vishal/ros2_ws/install/my_robot_controller/lib/python3.10/site-packages:${PYTHONPATH} /usr/bin/python3 -W ignore:setup.py install is deprecated -W ignore:easy_install command is deprecated setup.py develop --editable --build-directory /home/vishal/ros2_ws/build/my_robot_controller/build --no-deps symlink_data
[0.989s] Level 1:colcon.colcon_core.shell:create_environment_hook('my_robot_controller', 'pythonpath_develop')
[0.990s] INFO:colcon.colcon_core.shell:Creating environment hook '/home/vishal/ros2_ws/build/my_robot_controller/share/my_robot_controller/hook/pythonpath_develop.ps1'
[0.990s] DEBUG:colcon.colcon_core.event_handler.log_command:Invoked command in '/home/vishal/ros2_ws/build/my_robot_controller' returned '0': PYTHONPATH=/home/vishal/ros2_ws/build/my_robot_controller/prefix_override:/home/vishal/.local/lib/python3.10/site-packages/colcon_core/task/python/colcon_distutils_commands:/home/vishal/ros2_ws/install/my_robot_controller/lib/python3.10/site-packages:${PYTHONPATH} /usr/bin/python3 -W ignore:setup.py install is deprecated -W ignore:easy_install command is deprecated setup.py develop --editable --build-directory /home/vishal/ros2_ws/build/my_robot_controller/build --no-deps symlink_data
[0.991s] INFO:colcon.colcon_core.shell:Creating environment descriptor '/home/vishal/ros2_ws/build/my_robot_controller/share/my_robot_controller/hook/pythonpath_develop.dsv'
[0.991s] INFO:colcon.colcon_core.shell:Creating environment hook '/home/vishal/ros2_ws/build/my_robot_controller/share/my_robot_controller/hook/pythonpath_develop.sh'
[0.992s] Level 1:colcon.colcon_core.environment:checking '/home/vishal/ros2_ws/install/my_robot_controller' for CMake module files
[0.992s] Level 1:colcon.colcon_core.environment:checking '/home/vishal/ros2_ws/install/my_robot_controller' for CMake config files
[0.993s] Level 1:colcon.colcon_core.environment:checking '/home/vishal/ros2_ws/install/my_robot_controller/lib'
[0.993s] Level 1:colcon.colcon_core.environment:checking '/home/vishal/ros2_ws/install/my_robot_controller/bin'
[0.993s] Level 1:colcon.colcon_core.environment:checking '/home/vishal/ros2_ws/install/my_robot_controller/lib/pkgconfig/my_robot_controller.pc'
[0.993s] Level 1:colcon.colcon_core.environment:checking '/home/vishal/ros2_ws/install/my_robot_controller/lib/python3.10/site-packages'
[0.993s] Level 1:colcon.colcon_core.shell:create_environment_hook('my_robot_controller', 'pythonpath')
[0.993s] INFO:colcon.colcon_core.shell:Creating environment hook '/home/vishal/ros2_ws/install/my_robot_controller/share/my_robot_controller/hook/pythonpath.ps1'
[0.994s] INFO:colcon.colcon_core.shell:Creating environment descriptor '/home/vishal/ros2_ws/install/my_robot_controller/share/my_robot_controller/hook/pythonpath.dsv'
[0.994s] INFO:colcon.colcon_core.shell:Creating environment hook '/home/vishal/ros2_ws/install/my_robot_controller/share/my_robot_controller/hook/pythonpath.sh'
[0.994s] Level 1:colcon.colcon_core.environment:checking '/home/vishal/ros2_ws/install/my_robot_controller/bin'
[0.994s] Level 1:colcon.colcon_core.environment:create_environment_scripts_only(my_robot_controller)
[0.994s] INFO:colcon.colcon_core.shell:Creating package script '/home/vishal/ros2_ws/install/my_robot_controller/share/my_robot_controller/package.ps1'
[0.995s] INFO:colcon.colcon_core.shell:Creating package descriptor '/home/vishal/ros2_ws/install/my_robot_controller/share/my_robot_controller/package.dsv'
[0.995s] INFO:colcon.colcon_core.shell:Creating package script '/home/vishal/ros2_ws/install/my_robot_controller/share/my_robot_controller/package.sh'
[0.995s] INFO:colcon.colcon_core.shell:Creating package script '/home/vishal/ros2_ws/install/my_robot_controller/share/my_robot_controller/package.bash'
[0.996s] INFO:colcon.colcon_core.shell:Creating package script '/home/vishal/ros2_ws/install/my_robot_controller/share/my_robot_controller/package.zsh'
[0.996s] Level 1:colcon.colcon_core.environment:create_file_with_runtime_dependencies(/home/vishal/ros2_ws/install/my_robot_controller/share/colcon-core/packages/my_robot_controller)
[0.996s] DEBUG:colcon.colcon_parallel_executor.executor.parallel:closing loop
[0.996s] DEBUG:colcon.colcon_parallel_executor.executor.parallel:loop closed
[0.997s] DEBUG:colcon.colcon_parallel_executor.executor.parallel:run_until_complete finished with '0'
[0.997s] DEBUG:colcon.colcon_core.event_reactor:joining thread
[1.000s] INFO:colcon.colcon_core.plugin_system:Skipping extension 'colcon_notification.desktop_notification.terminal_notifier': Not used on non-Darwin systems
[1.000s] INFO:colcon.colcon_core.plugin_system:Skipping extension 'colcon_notification.desktop_notification.win32': Not used on non-Windows systems
[1.000s] INFO:colcon.colcon_notification.desktop_notification:Sending desktop notification using 'notify2'
[1.007s] DEBUG:colcon.colcon_core.event_reactor:joined thread
[1.008s] INFO:colcon.colcon_core.shell:Creating prefix script '/home/vishal/ros2_ws/install/local_setup.ps1'
[1.008s] INFO:colcon.colcon_core.shell:Creating prefix util module '/home/vishal/ros2_ws/install/_local_setup_util_ps1.py'
[1.009s] INFO:colcon.colcon_core.shell:Creating prefix chain script '/home/vishal/ros2_ws/install/setup.ps1'
[1.010s] INFO:colcon.colcon_core.shell:Creating prefix script '/home/vishal/ros2_ws/install/local_setup.sh'
[1.010s] INFO:colcon.colcon_core.shell:Creating prefix util module '/home/vishal/ros2_ws/install/_local_setup_util_sh.py'
[1.010s] INFO:colcon.colcon_core.shell:Creating prefix chain script '/home/vishal/ros2_ws/install/setup.sh'
[1.011s] INFO:colcon.colcon_core.shell:Creating prefix script '/home/vishal/ros2_ws/install/local_setup.bash'
[1.011s] INFO:colcon.colcon_core.shell:Creating prefix chain script '/home/vishal/ros2_ws/install/setup.bash'
[1.011s] INFO:colcon.colcon_core.shell:Creating prefix script '/home/vishal/ros2_ws/install/local_setup.zsh'
[1.012s] INFO:colcon.colcon_core.shell:Creating prefix chain script '/home/vishal/ros2_ws/install/setup.zsh'
