[0.462s] Invoking command in '/home/vishal/ros2_ws/src/my_robot_controller': PYTHONPATH=/home/vishal/ros2_ws/src/build/my_robot_controller/prefix_override:/home/vishal/.local/lib/python3.10/site-packages/colcon_core/task/python/colcon_distutils_commands:/home/vishal/ros2_ws/src/install/my_robot_controller/lib/python3.10/site-packages:${PYTHONPATH} /usr/bin/python3 -W ignore:setup.py install is deprecated -W ignore:easy_install command is deprecated setup.py egg_info --egg-base ../build/my_robot_controller build --build-base /home/vishal/ros2_ws/src/build/my_robot_controller/build install --record /home/vishal/ros2_ws/src/build/my_robot_controller/install.log --single-version-externally-managed install_data
[0.618s] running egg_info
[0.618s] creating ../build/my_robot_controller/my_robot_controller.egg-info
[0.619s] writing ../build/my_robot_controller/my_robot_controller.egg-info/PKG-INFO
[0.619s] writing dependency_links to ../build/my_robot_controller/my_robot_controller.egg-info/dependency_links.txt
[0.619s] writing entry points to ../build/my_robot_controller/my_robot_controller.egg-info/entry_points.txt
[0.619s] writing requirements to ../build/my_robot_controller/my_robot_controller.egg-info/requires.txt
[0.619s] writing top-level names to ../build/my_robot_controller/my_robot_controller.egg-info/top_level.txt
[0.619s] writing manifest file '../build/my_robot_controller/my_robot_controller.egg-info/SOURCES.txt'
[0.620s] reading manifest file '../build/my_robot_controller/my_robot_controller.egg-info/SOURCES.txt'
[0.620s] writing manifest file '../build/my_robot_controller/my_robot_controller.egg-info/SOURCES.txt'
[0.620s] running build
[0.620s] running build_py
[0.620s] creating /home/vishal/ros2_ws/src/build/my_robot_controller/build
[0.620s] creating /home/vishal/ros2_ws/src/build/my_robot_controller/build/lib
[0.620s] creating /home/vishal/ros2_ws/src/build/my_robot_controller/build/lib/my_robot_controller
[0.620s] copying my_robot_controller/draw_circle.py -> /home/vishal/ros2_ws/src/build/my_robot_controller/build/lib/my_robot_controller
[0.620s] copying my_robot_controller/my_first_node.py -> /home/vishal/ros2_ws/src/build/my_robot_controller/build/lib/my_robot_controller
[0.620s] copying my_robot_controller/__init__.py -> /home/vishal/ros2_ws/src/build/my_robot_controller/build/lib/my_robot_controller
[0.620s] running install
[0.621s] running install_lib
[0.621s] creating /home/vishal/ros2_ws/src/install/my_robot_controller/lib/python3.10/site-packages/my_robot_controller
[0.621s] copying /home/vishal/ros2_ws/src/build/my_robot_controller/build/lib/my_robot_controller/draw_circle.py -> /home/vishal/ros2_ws/src/install/my_robot_controller/lib/python3.10/site-packages/my_robot_controller
[0.621s] copying /home/vishal/ros2_ws/src/build/my_robot_controller/build/lib/my_robot_controller/my_first_node.py -> /home/vishal/ros2_ws/src/install/my_robot_controller/lib/python3.10/site-packages/my_robot_controller
[0.621s] copying /home/vishal/ros2_ws/src/build/my_robot_controller/build/lib/my_robot_controller/__init__.py -> /home/vishal/ros2_ws/src/install/my_robot_controller/lib/python3.10/site-packages/my_robot_controller
[0.621s] byte-compiling /home/vishal/ros2_ws/src/install/my_robot_controller/lib/python3.10/site-packages/my_robot_controller/draw_circle.py to draw_circle.cpython-310.pyc
[0.622s] byte-compiling /home/vishal/ros2_ws/src/install/my_robot_controller/lib/python3.10/site-packages/my_robot_controller/my_first_node.py to my_first_node.cpython-310.pyc
[0.622s] byte-compiling /home/vishal/ros2_ws/src/install/my_robot_controller/lib/python3.10/site-packages/my_robot_controller/__init__.py to __init__.cpython-310.pyc
[0.622s] running install_data
[0.622s] creating /home/vishal/ros2_ws/src/install/my_robot_controller/share/ament_index
[0.622s] creating /home/vishal/ros2_ws/src/install/my_robot_controller/share/ament_index/resource_index
[0.622s] creating /home/vishal/ros2_ws/src/install/my_robot_controller/share/ament_index/resource_index/packages
[0.622s] copying resource/my_robot_controller -> /home/vishal/ros2_ws/src/install/my_robot_controller/share/ament_index/resource_index/packages
[0.622s] copying package.xml -> /home/vishal/ros2_ws/src/install/my_robot_controller/share/my_robot_controller
[0.622s] running install_egg_info
[0.624s] Copying ../build/my_robot_controller/my_robot_controller.egg-info to /home/vishal/ros2_ws/src/install/my_robot_controller/lib/python3.10/site-packages/my_robot_controller-0.0.0-py3.10.egg-info
[0.625s] running install_scripts
[0.638s] Installing draw_circle script to /home/vishal/ros2_ws/src/install/my_robot_controller/lib/my_robot_controller
[0.638s] Installing test_node script to /home/vishal/ros2_ws/src/install/my_robot_controller/lib/my_robot_controller
[0.638s] writing list of installed files to '/home/vishal/ros2_ws/src/build/my_robot_controller/install.log'
[0.654s] Invoked command in '/home/vishal/ros2_ws/src/my_robot_controller' returned '0': PYTHONPATH=/home/vishal/ros2_ws/src/build/my_robot_controller/prefix_override:/home/vishal/.local/lib/python3.10/site-packages/colcon_core/task/python/colcon_distutils_commands:/home/vishal/ros2_ws/src/install/my_robot_controller/lib/python3.10/site-packages:${PYTHONPATH} /usr/bin/python3 -W ignore:setup.py install is deprecated -W ignore:easy_install command is deprecated setup.py egg_info --egg-base ../build/my_robot_controller build --build-base /home/vishal/ros2_ws/src/build/my_robot_controller/build install --record /home/vishal/ros2_ws/src/build/my_robot_controller/install.log --single-version-externally-managed install_data
