[0.611s] Invoking command in '/home/vishal/ros2_ws/src/my_robot_controller': PYTHONPATH=/home/vishal/ros2_ws/build/my_robot_controller/prefix_override:/home/vishal/.local/lib/python3.10/site-packages/colcon_core/task/python/colcon_distutils_commands:/home/vishal/ros2_ws/install/my_robot_controller/lib/python3.10/site-packages:${PYTHONPATH} /usr/bin/python3 -W ignore:setup.py install is deprecated -W ignore:easy_install command is deprecated setup.py egg_info --egg-base ../../build/my_robot_controller build --build-base /home/vishal/ros2_ws/build/my_robot_controller/build install --record /home/vishal/ros2_ws/build/my_robot_controller/install.log --single-version-externally-managed install_data
[0.834s] running egg_info
[0.834s] writing ../../build/my_robot_controller/my_robot_controller.egg-info/PKG-INFO
[0.835s] writing dependency_links to ../../build/my_robot_controller/my_robot_controller.egg-info/dependency_links.txt
[0.835s] writing entry points to ../../build/my_robot_controller/my_robot_controller.egg-info/entry_points.txt
[0.835s] writing requirements to ../../build/my_robot_controller/my_robot_controller.egg-info/requires.txt
[0.835s] writing top-level names to ../../build/my_robot_controller/my_robot_controller.egg-info/top_level.txt
[0.836s] reading manifest file '../../build/my_robot_controller/my_robot_controller.egg-info/SOURCES.txt'
[0.837s] writing manifest file '../../build/my_robot_controller/my_robot_controller.egg-info/SOURCES.txt'
[0.837s] running build
[0.837s] running build_py
[0.837s] copying my_robot_controller/my_first_node.py -> /home/vishal/ros2_ws/build/my_robot_controller/build/lib/my_robot_controller
[0.837s] running install
[0.838s] running install_lib
[0.838s] copying /home/vishal/ros2_ws/build/my_robot_controller/build/lib/my_robot_controller/my_first_node.py -> /home/vishal/ros2_ws/install/my_robot_controller/lib/python3.10/site-packages/my_robot_controller
[0.839s] byte-compiling /home/vishal/ros2_ws/install/my_robot_controller/lib/python3.10/site-packages/my_robot_controller/my_first_node.py to my_first_node.cpython-310.pyc
[0.839s] running install_data
[0.839s] running install_egg_info
[0.840s] removing '/home/vishal/ros2_ws/install/my_robot_controller/lib/python3.10/site-packages/my_robot_controller-0.0.0-py3.10.egg-info' (and everything under it)
[0.841s] Copying ../../build/my_robot_controller/my_robot_controller.egg-info to /home/vishal/ros2_ws/install/my_robot_controller/lib/python3.10/site-packages/my_robot_controller-0.0.0-py3.10.egg-info
[0.841s] running install_scripts
[0.859s] Installing test_node script to /home/vishal/ros2_ws/install/my_robot_controller/lib/my_robot_controller
[0.860s] writing list of installed files to '/home/vishal/ros2_ws/build/my_robot_controller/install.log'
[0.882s] Invoked command in '/home/vishal/ros2_ws/src/my_robot_controller' returned '0': PYTHONPATH=/home/vishal/ros2_ws/build/my_robot_controller/prefix_override:/home/vishal/.local/lib/python3.10/site-packages/colcon_core/task/python/colcon_distutils_commands:/home/vishal/ros2_ws/install/my_robot_controller/lib/python3.10/site-packages:${PYTHONPATH} /usr/bin/python3 -W ignore:setup.py install is deprecated -W ignore:easy_install command is deprecated setup.py egg_info --egg-base ../../build/my_robot_controller build --build-base /home/vishal/ros2_ws/build/my_robot_controller/build install --record /home/vishal/ros2_ws/build/my_robot_controller/install.log --single-version-externally-managed install_data
